0 info it worked if it ends with ok
1 verbose cli [ 'C:\\Program Files\\nodejs\\node.exe',
1 verbose cli   'C:\\Users\\User\\AppData\\Roaming\\npm\\node_modules\\npm\\bin\\npm-cli.js',
1 verbose cli   'run',
1 verbose cli   'serve' ]
2 info using npm@3.10.6
3 info using node@v4.4.7
4 verbose run-script [ 'preserve', 'serve', 'postserve' ]
5 info lifecycle growthchart@0.1.0~preserve: growthchart@0.1.0
6 silly lifecycle growthchart@0.1.0~preserve: no script for preserve, continuing
7 info lifecycle growthchart@0.1.0~serve: growthchart@0.1.0
8 verbose lifecycle growthchart@0.1.0~serve: unsafe-perm in lifecycle true
9 verbose lifecycle growthchart@0.1.0~serve: PATH: C:\Users\User\AppData\Roaming\npm\node_modules\npm\bin\node-gyp-bin;C:\Users\User\Documents\GitHub\growht_chart_app\node_modules\.bin;C:\ProgramData\Oracle\Java\javapath;C:\Program Files (x86)\Intel\iCLS Client\;C:\Program Files\Intel\iCLS Client\;C:\WINDOWS\system32;C:\WINDOWS;C:\WINDOWS\System32\Wbem;C:\WINDOWS\System32\WindowsPowerShell\v1.0\;C:\Program Files (x86)\Intel\OpenCL SDK\3.0\bin\x86;C:\Program Files (x86)\Intel\OpenCL SDK\3.0\bin\x64;C:\Program Files\Intel\Intel(R) Management Engine Components\DAL;C:\Program Files\Intel\Intel(R) Management Engine Components\IPT;C:\Program Files (x86)\Intel\Intel(R) Management Engine Components\DAL;C:\Program Files (x86)\Intel\Intel(R) Management Engine Components\IPT;C:\Program Files (x86)\MySQL\MySQL Fabric 1.5 & MySQL Utilities 1.5\;C:\Program Files (x86)\MySQL\MySQL Fabric 1.5 & MySQL Utilities 1.5\Doctrine extensions for PHP\;C:\Program Files\MySQL\MySQL Server 5.7\bin;C:\Program Files\Git\cmd;C:\Program Files\maven\apache-maven-3.3.9-bin\apache-maven-3.3.9\bin;C:\Program Files\Java\jdk1.8.0_91;C:\Program Files (x86)\Skype\Phone\;C:\Program Files\MySQL\MySQL Server 5.6\bin;C:\Program Files\nodejs\;C:\Users\User\AppData\Local\Programs\Python\Python35-32\Scripts\;C:\Users\User\AppData\Local\Programs\Python\Python35-32\;C:\Program Files (x86)\SSH Communications Security\SSH Secure Shell;C:\Users\User\AppData\Roaming\npm
10 verbose lifecycle growthchart@0.1.0~serve: CWD: C:\Users\User\Documents\GitHub\growht_chart_app
11 silly lifecycle growthchart@0.1.0~serve: Args: [ '/d /s /c',
11 silly lifecycle   './node_modules/http-server/bin/http-server -p 8000 -c-1 .' ]
12 silly lifecycle growthchart@0.1.0~serve: Returned: code: 1  signal: null
13 info lifecycle growthchart@0.1.0~serve: Failed to exec serve script
14 verbose stack Error: growthchart@0.1.0 serve: `./node_modules/http-server/bin/http-server -p 8000 -c-1 .`
14 verbose stack Exit status 1
14 verbose stack     at EventEmitter.<anonymous> (C:\Users\User\AppData\Roaming\npm\node_modules\npm\lib\utils\lifecycle.js:255:16)
14 verbose stack     at emitTwo (events.js:87:13)
14 verbose stack     at EventEmitter.emit (events.js:172:7)
14 verbose stack     at ChildProcess.<anonymous> (C:\Users\User\AppData\Roaming\npm\node_modules\npm\lib\utils\spawn.js:40:14)
14 verbose stack     at emitTwo (events.js:87:13)
14 verbose stack     at ChildProcess.emit (events.js:172:7)
14 verbose stack     at maybeClose (internal/child_process.js:827:16)
14 verbose stack     at Process.ChildProcess._handle.onexit (internal/child_process.js:211:5)
15 verbose pkgid growthchart@0.1.0
16 verbose cwd C:\Users\User\Documents\GitHub\growht_chart_app
17 error Windows_NT 10.0.10586
18 error argv "C:\\Program Files\\nodejs\\node.exe" "C:\\Users\\User\\AppData\\Roaming\\npm\\node_modules\\npm\\bin\\npm-cli.js" "run" "serve"
19 error node v4.4.7
20 error npm  v3.10.6
21 error code ELIFECYCLE
22 error growthchart@0.1.0 serve: `./node_modules/http-server/bin/http-server -p 8000 -c-1 .`
22 error Exit status 1
23 error Failed at the growthchart@0.1.0 serve script './node_modules/http-server/bin/http-server -p 8000 -c-1 .'.
23 error Make sure you have the latest version of node.js and npm installed.
23 error If you do, this is most likely a problem with the growthchart package,
23 error not with npm itself.
23 error Tell the author that this fails on your system:
23 error     ./node_modules/http-server/bin/http-server -p 8000 -c-1 .
23 error You can get information on how to open an issue for this project with:
23 error     npm bugs growthchart
23 error Or if that isn't available, you can get their info via:
23 error     npm owner ls growthchart
23 error There is likely additional logging output above.
24 verbose exit [ 1, true ]
